<?xml version="1.0" encoding="utf-8"?><testsuites name="pytest tests"><testsuite name="pytest" errors="0" failures="11" skipped="5" tests="108" time="11.951" timestamp="2025-09-11T16:23:43.246874+02:00" hostname="JS7SSL3"><testcase classname="tests.test_cmdb_tools.TestCMDBTools" name="test_find_cis_by_type_invalid_type" time="0.207" /><testcase classname="tests.test_cmdb_tools.TestCMDBTools" name="test_find_cis_by_type_server" time="0.030" /><testcase classname="tests.test_cmdb_tools.TestCMDBTools" name="test_get_all_ci_types_error_handling" time="0.030" /><testcase classname="tests.test_cmdb_tools.TestCMDBTools" name="test_get_all_ci_types_success" time="0.011" /><testcase classname="tests.test_cmdb_tools.TestCMDBTools" name="test_get_ci_details_not_found" time="0.033" /><testcase classname="tests.test_cmdb_tools.TestCMDBTools" name="test_get_ci_details_success" time="0.031" /><testcase classname="tests.test_cmdb_tools.TestCMDBTools" name="test_quick_ci_search_no_results" time="0.030" /><testcase classname="tests.test_cmdb_tools.TestCMDBTools" name="test_quick_ci_search_success" time="0.032" /><testcase classname="tests.test_cmdb_tools.TestCMDBTools" name="test_search_cis_by_attributes_ip_address" time="0.028" /><testcase classname="tests.test_cmdb_tools.TestCMDBTools" name="test_search_cis_by_attributes_multiple" time="0.030" /><testcase classname="tests.test_cmdb_tools.TestCMDBTools" name="test_search_cis_by_attributes_name" time="0.030" /><testcase classname="tests.test_cmdb_tools.TestCMDBTools" name="test_similar_cis_for_ci_success" time="0.011" /><testcase classname="tests.test_cmdb_tools.TestCMDBToolsValidation" name="test_ci_number_format_validation" time="0.001" /><testcase classname="tests.test_cmdb_tools.TestCMDBToolsValidation" name="test_ci_type_validation" time="0.001" /><testcase classname="tests.test_cmdb_tools.TestCMDBToolsValidation" name="test_search_attributes_validation" time="0.000" /><testcase classname="tests.test_cmdb_tools.TestCMDBToolsValidation" name="test_search_term_validation" time="0.001" /><testcase classname="tests.test_cmdb_tools.TestCMDBToolsIntegration" name="test_cmdb_discovery_workflow" time="0.011" /><testcase classname="tests.test_cmdb_tools.TestCMDBToolsIntegration" name="test_cmdb_search_workflow" time="0.032" /><testcase classname="tests.test_filtering.TestServiceNowFiltering" name="test_between_syntax_generation" time="0.001"><failure message="TypeError: ServiceNowQueryBuilder.build_date_range_filter() takes 2 positional arguments but 3 were given">tests\test_filtering.py:137: in test_between_syntax_generation
    between_filter = ServiceNowQueryBuilder.build_date_range_filter(
E   TypeError: ServiceNowQueryBuilder.build_date_range_filter() takes 2 positional arguments but 3 were given</failure></testcase><testcase classname="tests.test_filtering.TestServiceNowFiltering" name="test_caller_exclusion_by_name" time="0.001"><failure message="AttributeError: &lt;module 'Table_Tools.generic_table_tools' from 'C:\\Users\\JonathanDemeulemeest\\Documents\\VS Code\\personal-mcp-servicenow\\Table_Tools\\generic_table_tools.py'&gt; does not have the attribute '_get_caller_sys_id'">tests\test_filtering.py:98: in test_caller_exclusion_by_name
    with patch('Table_Tools.generic_table_tools._get_caller_sys_id') as mock_get_caller:
..\..\..\AppData\Local\Programs\Python\Python311\Lib\unittest\mock.py:1437: in __enter__
    original, local = self.get_original()
                      ^^^^^^^^^^^^^^^^^^^
..\..\..\AppData\Local\Programs\Python\Python311\Lib\unittest\mock.py:1410: in get_original
    raise AttributeError(
E   AttributeError: &lt;module 'Table_Tools.generic_table_tools' from 'C:\\Users\\JonathanDemeulemeest\\Documents\\VS Code\\personal-mcp-servicenow\\Table_Tools\\generic_table_tools.py'&gt; does not have the attribute '_get_caller_sys_id'</failure></testcase><testcase classname="tests.test_filtering.TestServiceNowFiltering" name="test_caller_exclusion_multiple_sysids" time="0.001" /><testcase classname="tests.test_filtering.TestServiceNowFiltering" name="test_combined_filtering_integration" time="0.001" /><testcase classname="tests.test_filtering.TestServiceNowFiltering" name="test_edge_case_empty_filters" time="0.001" /><testcase classname="tests.test_filtering.TestServiceNowFiltering" name="test_edge_case_invalid_date_formats" time="0.001" /><testcase classname="tests.test_filtering.TestServiceNowFiltering" name="test_iso_date_range_parsing" time="0.001" /><testcase classname="tests.test_filtering.TestServiceNowFiltering" name="test_month_range_parsing" time="0.000" /><testcase classname="tests.test_filtering.TestServiceNowFiltering" name="test_priority_list_parsing_array_format" time="0.000" /><testcase classname="tests.test_filtering.TestServiceNowFiltering" name="test_priority_list_parsing_comma_separated" time="0.000" /><testcase classname="tests.test_filtering.TestServiceNowFiltering" name="test_priority_list_parsing_p_notation" time="0.000" /><testcase classname="tests.test_filtering.TestServiceNowFiltering" name="test_priority_single_value" time="0.001" /><testcase classname="tests.test_filtering.TestServiceNowFiltering" name="test_relative_date_filtering" time="0.000" /><testcase classname="tests.test_filtering.TestServiceNowFiltering" name="test_servicenow_query_builder_validation" time="0.001"><failure message="AttributeError: 'ServiceNowQueryBuilder' object has no attribute 'validate_query'">tests\test_filtering.py:130: in test_servicenow_query_builder_validation
    result = self.query_builder.validate_query(valid_query)
             ^^^^^^^^^^^^^^^^^^^^^^^^^^^^^^^^^
E   AttributeError: 'ServiceNowQueryBuilder' object has no attribute 'validate_query'</failure></testcase><testcase classname="tests.test_filtering.TestServiceNowFiltering" name="test_table_filter_params_creation" time="0.001" /><testcase classname="tests.test_filtering.TestServiceNowFiltering" name="test_url_encoding_preservation" time="0.000" /><testcase classname="tests.test_filtering.TestServiceNowFiltering" name="test_week35_date_range_parsing" time="0.001" /><testcase classname="tests.test_filtering.TestServiceNowQueryBuilder" name="test_build_not_equals_filter" time="0.001"><failure message="AttributeError: type object 'ServiceNowQueryBuilder' has no attribute 'build_not_equals_filter'">tests\test_filtering.py:222: in test_build_not_equals_filter
    not_equals = ServiceNowQueryBuilder.build_not_equals_filter("caller_id", ["id1", "id2"])
                 ^^^^^^^^^^^^^^^^^^^^^^^^^^^^^^^^^^^^^^^^^^^^^^
E   AttributeError: type object 'ServiceNowQueryBuilder' has no attribute 'build_not_equals_filter'</failure></testcase><testcase classname="tests.test_filtering.TestServiceNowQueryBuilder" name="test_build_or_filter" time="0.001"><failure message="AttributeError: type object 'ServiceNowQueryBuilder' has no attribute 'build_or_filter'">tests\test_filtering.py:214: in test_build_or_filter
    or_filter = ServiceNowQueryBuilder.build_or_filter("priority", ["1", "2", "3"])
                ^^^^^^^^^^^^^^^^^^^^^^^^^^^^^^^^^^^^^^
E   AttributeError: type object 'ServiceNowQueryBuilder' has no attribute 'build_or_filter'</failure></testcase><testcase classname="tests.test_filtering.TestServiceNowQueryBuilder" name="test_query_builder_initialization" time="0.001" /><testcase classname="tests.test_integration.TestMCPServerIntegration" name="test_mcp_server_initialization" time="1.297" /><testcase classname="tests.test_integration.TestMCPServerIntegration" name="test_tool_registration_structure" time="0.009" /><testcase classname="tests.test_integration.TestIncidentWorkflow" name="test_incident_similarity_workflow" time="0.031"><failure message="AssertionError: 'incident' not found in 'analyze_priority'">tests\test_integration.py:102: in test_incident_similarity_workflow
    self.assertIn("incident", step)
E   AssertionError: 'incident' not found in 'analyze_priority'</failure></testcase><testcase classname="tests.test_integration.TestIncidentWorkflow" name="test_priority_incident_filtering_workflow" time="0.022" /><testcase classname="tests.test_integration.TestChangeRequestWorkflow" name="test_change_analysis_workflow" time="0.028" /><testcase classname="tests.test_integration.TestCMDBDiscoveryWorkflow" name="test_cmdb_discovery_workflow" time="0.031"><failure message="AssertionError: 'ci' not found in 'assess_relationships'">tests\test_integration.py:174: in test_cmdb_discovery_workflow
    self.assertIn("ci", step.lower())
E   AssertionError: 'ci' not found in 'assess_relationships'</failure></testcase><testcase classname="tests.test_integration.TestCMDBDiscoveryWorkflow" name="test_cmdb_search_workflow" time="0.026" /><testcase classname="tests.test_integration.TestKnowledgeBaseWorkflow" name="test_knowledge_search_workflow" time="0.032" /><testcase classname="tests.test_integration.TestPrivateTaskCRUDWorkflow" name="test_task_crud_workflow" time="0.031" /><testcase classname="tests.test_integration.TestIntelligentFilteringIntegration" name="test_combined_filtering_integration" time="0.031" /><testcase classname="tests.test_integration.TestIntelligentFilteringIntegration" name="test_date_parsing_integration" time="0.031" /><testcase classname="tests.test_integration.TestIntelligentFilteringIntegration" name="test_priority_parsing_integration" time="0.028" /><testcase classname="tests.test_integration.TestOAuthIntegration" name="test_oauth_error_handling_integration" time="0.033"><failure message="AssertionError: 'error' not found in 'invalid_credentials'">tests\test_integration.py:327: in test_oauth_error_handling_integration
    self.assertIn("error", scenario) or self.assertIn("invalid", scenario) or self.assertIn("expired", scenario)
    ^^^^^^^^^^^^^^^^^^^^^^^^^^^^^^^^
E   AssertionError: 'error' not found in 'invalid_credentials'</failure></testcase><testcase classname="tests.test_integration.TestOAuthIntegration" name="test_oauth_flow_integration" time="0.025"><failure message="AssertionError: 'token' not found in 'check_oauth_configuration'">tests\test_integration.py:314: in test_oauth_flow_integration
    self.assertIn("token", step) or self.assertIn("oauth", step) or self.assertIn("auth", step)
    ^^^^^^^^^^^^^^^^^^^^^^^^^^^^
E   AssertionError: 'token' not found in 'check_oauth_configuration'</failure></testcase><testcase classname="tests.test_integration.TestAPIResponseHandling" name="test_error_response_structure" time="0.001" /><testcase classname="tests.test_integration.TestAPIResponseHandling" name="test_response_data_validation" time="0.001" /><testcase classname="tests.test_integration.TestAPIResponseHandling" name="test_valid_response_structure" time="0.001" /><testcase classname="tests.test_mcp_tools.TestServerAndAuthTools" name="test_nowauthinfo_oauth" time="0.013"><skipped type="pytest.skip" message="Auth tools not available: cannot import name 'nowtestoauth' from 'utility_tools' (C:\Users\JonathanDemeulemeest\Documents\VS Code\personal-mcp-servicenow\utility_tools.py)">C:\Users\JonathanDemeulemeest\Documents\VS Code\personal-mcp-servicenow\tests\test_mcp_tools.py:61: Auth tools not available: cannot import name 'nowtestoauth' from 'utility_tools' (C:\Users\JonathanDemeulemeest\Documents\VS Code\personal-mcp-servicenow\utility_tools.py)</skipped></testcase><testcase classname="tests.test_mcp_tools.TestServerAndAuthTools" name="test_nowtest_auth_input_table_description" time="0.010"><skipped type="pytest.skip" message="Auth tools not available: cannot import name 'nowtestoauth' from 'utility_tools' (C:\Users\JonathanDemeulemeest\Documents\VS Code\personal-mcp-servicenow\utility_tools.py)">C:\Users\JonathanDemeulemeest\Documents\VS Code\personal-mcp-servicenow\tests\test_mcp_tools.py:87: Auth tools not available: cannot import name 'nowtestoauth' from 'utility_tools' (C:\Users\JonathanDemeulemeest\Documents\VS Code\personal-mcp-servicenow\utility_tools.py)</skipped></testcase><testcase classname="tests.test_mcp_tools.TestServerAndAuthTools" name="test_nowtest_connectivity" time="0.010"><skipped type="pytest.skip" message="Auth tools not available: cannot import name 'nowtestoauth' from 'utility_tools' (C:\Users\JonathanDemeulemeest\Documents\VS Code\personal-mcp-servicenow\utility_tools.py)">C:\Users\JonathanDemeulemeest\Documents\VS Code\personal-mcp-servicenow\tests\test_mcp_tools.py:35: Auth tools not available: cannot import name 'nowtestoauth' from 'utility_tools' (C:\Users\JonathanDemeulemeest\Documents\VS Code\personal-mcp-servicenow\utility_tools.py)</skipped></testcase><testcase classname="tests.test_mcp_tools.TestServerAndAuthTools" name="test_nowtestauth_api_test" time="0.031"><skipped type="pytest.skip" message="Auth tools not available: cannot import name 'nowtestoauth' from 'utility_tools' (C:\Users\JonathanDemeulemeest\Documents\VS Code\personal-mcp-servicenow\utility_tools.py)">C:\Users\JonathanDemeulemeest\Documents\VS Code\personal-mcp-servicenow\tests\test_mcp_tools.py:74: Auth tools not available: cannot import name 'nowtestoauth' from 'utility_tools' (C:\Users\JonathanDemeulemeest\Documents\VS Code\personal-mcp-servicenow\utility_tools.py)</skipped></testcase><testcase classname="tests.test_mcp_tools.TestServerAndAuthTools" name="test_nowtestoauth_success" time="0.013"><skipped type="pytest.skip" message="Auth tools not available: cannot import name 'nowtestoauth' from 'utility_tools' (C:\Users\JonathanDemeulemeest\Documents\VS Code\personal-mcp-servicenow\utility_tools.py)">C:\Users\JonathanDemeulemeest\Documents\VS Code\personal-mcp-servicenow\tests\test_mcp_tools.py:48: Auth tools not available: cannot import name 'nowtestoauth' from 'utility_tools' (C:\Users\JonathanDemeulemeest\Documents\VS Code\personal-mcp-servicenow\utility_tools.py)</skipped></testcase><testcase classname="tests.test_mcp_tools.TestIncidentTools" name="test_get_incident_details" time="0.035" /><testcase classname="tests.test_mcp_tools.TestIncidentTools" name="test_get_incidents_by_filter" time="0.028" /><testcase classname="tests.test_mcp_tools.TestIncidentTools" name="test_get_priority_incidents" time="0.028" /><testcase classname="tests.test_mcp_tools.TestIncidentTools" name="test_get_short_desc_for_incident" time="0.030" /><testcase classname="tests.test_mcp_tools.TestIncidentTools" name="test_similar_incidents_for_incident" time="0.028" /><testcase classname="tests.test_mcp_tools.TestIncidentTools" name="test_similar_incidents_for_text" time="0.031" /><testcase classname="tests.test_mcp_tools.TestChangeTools" name="test_get_change_details" time="0.029" /><testcase classname="tests.test_mcp_tools.TestChangeTools" name="test_get_short_desc_for_change" time="0.030" /><testcase classname="tests.test_mcp_tools.TestChangeTools" name="test_similar_changes_for_text" time="0.010" /><testcase classname="tests.test_mcp_tools.TestUserRequestTools" name="test_get_ur_details" time="0.010" /><testcase classname="tests.test_mcp_tools.TestUserRequestTools" name="test_similar_ur_for_text" time="0.011" /><testcase classname="tests.test_mcp_tools.TestKnowledgeBaseTools" name="test_get_active_knowledge_articles" time="0.011" /><testcase classname="tests.test_mcp_tools.TestKnowledgeBaseTools" name="test_get_knowledge_by_category" time="0.011" /><testcase classname="tests.test_mcp_tools.TestKnowledgeBaseTools" name="test_get_knowledge_details" time="0.022" /><testcase classname="tests.test_mcp_tools.TestKnowledgeBaseTools" name="test_similar_knowledge_for_text" time="0.011" /><testcase classname="tests.test_mcp_tools.TestPrivateTaskTools" name="test_create_private_task" time="0.032" /><testcase classname="tests.test_mcp_tools.TestPrivateTaskTools" name="test_update_private_task" time="0.032" /><testcase classname="tests.test_mcp_tools.TestGenericTableTools" name="test_get_record_description" time="0.014" /><testcase classname="tests.test_mcp_tools.TestGenericTableTools" name="test_query_table_by_text" time="0.014" /><testcase classname="tests.test_mcp_tools.TestGenericTableTools" name="test_query_table_with_filters_intelligent" time="0.031" /><testcase classname="tests.test_oauth.TestOAuthEnvironmentSetup" name="test_environment_variable_format" time="0.001" /><testcase classname="tests.test_oauth.TestOAuthEnvironmentSetup" name="test_environment_variables_present" time="0.001" /><testcase classname="tests.test_oauth.TestOAuthEnvironmentSetup" name="test_environment_variables_with_mock_values" time="0.002" /><testcase classname="tests.test_oauth.TestOAuthClientCreation" name="test_oauth_client_configuration" time="0.003" /><testcase classname="tests.test_oauth.TestOAuthClientCreation" name="test_oauth_client_creation_missing_env" time="0.002" /><testcase classname="tests.test_oauth.TestOAuthClientCreation" name="test_oauth_client_creation_success" time="0.002" /><testcase classname="tests.test_oauth.TestAPIIntegration" name="test_get_auth_info_oauth_disabled" time="0.011"><failure message="TypeError: object dict can't be used in 'await' expression">tests\test_oauth.py:155: in test_get_auth_info_oauth_disabled
    auth_info = await get_auth_info()
                ^^^^^^^^^^^^^^^^^^^^^
E   TypeError: object dict can't be used in 'await' expression</failure></testcase><testcase classname="tests.test_oauth.TestAPIIntegration" name="test_get_auth_info_oauth_enabled" time="0.011"><failure message="TypeError: object dict can't be used in 'await' expression">tests\test_oauth.py:134: in test_get_auth_info_oauth_enabled
    auth_info = await get_auth_info()
                ^^^^^^^^^^^^^^^^^^^^^
E   TypeError: object dict can't be used in 'await' expression</failure></testcase><testcase classname="tests.test_oauth.TestAPIIntegration" name="test_oauth_token_retrieval_mock" time="0.036" /><testcase classname="tests.test_oauth.TestOAuthTokenHandling" name="test_token_expiration_check" time="0.001" /><testcase classname="tests.test_oauth.TestOAuthTokenHandling" name="test_token_validation_missing_fields" time="0.001" /><testcase classname="tests.test_oauth.TestOAuthTokenHandling" name="test_token_validation_valid_token" time="0.001" /><testcase classname="tests.test_oauth.TestOAuthErrorHandling" name="test_oauth_invalid_credentials" time="0.002" /><testcase classname="tests.test_oauth.TestOAuthErrorHandling" name="test_oauth_network_error_handling" time="0.001" /><testcase classname="tests.test_oauth_client.TestOAuthClientExtended" name="test_basic_init" time="0.012" /><testcase classname="tests.test_oauth_client.TestOAuthClientExtended" name="test_connection_error" time="0.027" /><testcase classname="tests.test_oauth_client.TestOAuthClientExtended" name="test_expired_token_refresh" time="0.027" /><testcase classname="tests.test_oauth_client.TestOAuthClientExtended" name="test_token_request_with_errors" time="0.014" /><testcase classname="tests.test_service_now_api.TestServiceNowAPI" name="test_extract_display_values_non_dict_input" time="0.033" /><testcase classname="tests.test_service_now_api.TestServiceNowAPI" name="test_extract_display_values_with_results" time="0.013" /><testcase classname="tests.test_service_now_api.TestServiceNowAPI" name="test_extract_field_value_simple_value" time="0.027" /><testcase classname="tests.test_service_now_api.TestServiceNowAPI" name="test_extract_field_value_with_display_value" time="0.033" /><testcase classname="tests.test_service_now_api.TestServiceNowAPI" name="test_make_nws_request_http_error" time="0.032" /><testcase classname="tests.test_service_now_api.TestServiceNowAPI" name="test_make_nws_request_success" time="0.031" /><testcase classname="tests.test_service_now_api.TestServiceNowAPI" name="test_process_item_dict_success" time="0.009" /><testcase classname="tests.test_utility_tools.TestUtilityTools" name="test_now_auth_info_success" time="0.031" /><testcase classname="tests.test_utility_tools.TestUtilityTools" name="test_now_test_oauth_success" time="0.011" /><testcase classname="tests.test_utility_tools.TestUtilityTools" name="test_nowtest_success" time="0.007" /></testsuite></testsuites>